c:\users\markl\source\repos\turing\turingtraderdll\debug\mysql.data.dll
c:\users\markl\source\repos\turing\turingtraderdll\debug\google.protobuf.dll
c:\users\markl\source\repos\turing\turingtraderdll\debug\zstandard.net.dll
c:\users\markl\source\repos\turing\turingtraderdll\debug\k4os.compression.lz4.streams.dll
c:\users\markl\source\repos\turing\turingtraderdll\debug\bouncycastle.crypto.dll
c:\users\markl\source\repos\turing\turingtraderdll\debug\ubiety.dns.core.dll
c:\users\markl\source\repos\turing\turingtraderdll\debug\renci.sshnet.dll
c:\users\markl\source\repos\turing\turingtraderdll\debug\system.buffers.dll
c:\users\markl\source\repos\turing\turingtraderdll\debug\k4os.compression.lz4.dll
c:\users\markl\source\repos\turing\turingtraderdll\debug\k4os.hash.xxhash.dll
c:\users\markl\source\repos\turing\turingtraderdll\debug\system.memory.dll
c:\users\markl\source\repos\turing\turingtraderdll\debug\system.runtime.compilerservices.unsafe.dll
c:\users\markl\source\repos\turing\turingtraderdll\debug\mysql.data.xml
c:\users\markl\source\repos\turing\turingtraderdll\gui\debug\gui.companypage.resources
c:\users\markl\source\repos\turing\turingtraderdll\gui\debug\gui.groupcreationpage.resources
c:\users\markl\source\repos\turing\turingtraderdll\gui\debug\gui.groupspage.resources
c:\users\markl\source\repos\turing\turingtraderdll\gui\debug\gui.loginpage.resources
c:\users\markl\source\repos\turing\turingtraderdll\gui\debug\gui.maingui.resources
c:\users\markl\source\repos\turing\turingtraderdll\gui\debug\gui.portfoliopage.resources
c:\users\markl\source\repos\turing\turingtraderdll\gui\debug\gui.profilepage.resources
c:\users\markl\source\repos\turing\turingtraderdll\gui\debug\gui.testgui.resources
c:\users\markl\source\repos\turing\turingtraderdll\gui\debug\gui.tradingpage.resources
c:\users\markl\source\repos\turing\turingtraderdll\debug\appgui.lib
c:\users\markl\source\repos\turing\turingtraderdll\debug\appgui.exp
c:\users\markl\source\repos\turing\turingtraderdll\gui\debug\vcpkg.applocal.log
c:\users\markl\source\repos\turing\turingtraderdll\debug\libcurl-d.dll
c:\users\markl\source\repos\turing\turingtraderdll\debug\zlibd1.dll
c:\users\markl\source\repos\turing\turingtraderdll\gui\debug\gui.groupjoinpage.resources
c:\users\markl\source\repos\turing\turingtraderdll\gui\debug\vc142.pdb
c:\users\markl\source\repos\turing\turingtraderdll\gui\debug\.netframework,version=v4.5.2.assemblyattributes.obj
c:\users\markl\source\repos\turing\turingtraderdll\gui\debug\tradingpage.obj
c:\users\markl\source\repos\turing\turingtraderdll\gui\debug\testgui.obj
c:\users\markl\source\repos\turing\turingtraderdll\gui\debug\profilepage.obj
c:\users\markl\source\repos\turing\turingtraderdll\gui\debug\portfoliopage.obj
c:\users\markl\source\repos\turing\turingtraderdll\gui\debug\groupcreationpage.obj
c:\users\markl\source\repos\turing\turingtraderdll\gui\debug\companypage.obj
c:\users\markl\source\repos\turing\turingtraderdll\gui\debug\maingui.obj
c:\users\markl\source\repos\turing\turingtraderdll\gui\debug\loginpage.obj
c:\users\markl\source\repos\turing\turingtraderdll\gui\debug\groupspage.obj
c:\users\markl\source\repos\turing\turingtraderdll\gui\debug\groupjoinpage.obj
c:\users\lfieb\documents\school\cisc320\turingtrader\turing\turingtraderdll\gui\debug\vc142.pdb
c:\users\lfieb\documents\school\cisc320\turingtrader\turing\turingtraderdll\gui\debug\.netframework,version=v4.5.2.assemblyattributes.obj
c:\users\lfieb\documents\school\cisc320\turingtrader\turing\turingtraderdll\gui\debug\tradingpage.obj
c:\users\lfieb\documents\school\cisc320\turingtrader\turing\turingtraderdll\gui\debug\testgui.obj
c:\users\lfieb\documents\school\cisc320\turingtrader\turing\turingtraderdll\gui\debug\portfoliopage.obj
c:\users\lfieb\documents\school\cisc320\turingtrader\turing\turingtraderdll\gui\debug\groupspage.obj
c:\users\lfieb\documents\school\cisc320\turingtrader\turing\turingtraderdll\gui\debug\groupjoinpage.obj
c:\users\lfieb\documents\school\cisc320\turingtrader\turing\turingtraderdll\gui\debug\groupcreationpage.obj
c:\users\lfieb\documents\school\cisc320\turingtrader\turing\turingtraderdll\gui\debug\companypage.obj
c:\users\lfieb\documents\school\cisc320\turingtrader\turing\turingtraderdll\debug\mysql.data.dll
c:\users\lfieb\documents\school\cisc320\turingtrader\turing\turingtraderdll\debug\google.protobuf.dll
c:\users\lfieb\documents\school\cisc320\turingtrader\turing\turingtraderdll\debug\zstandard.net.dll
c:\users\lfieb\documents\school\cisc320\turingtrader\turing\turingtraderdll\debug\k4os.compression.lz4.streams.dll
c:\users\lfieb\documents\school\cisc320\turingtrader\turing\turingtraderdll\debug\bouncycastle.crypto.dll
c:\users\lfieb\documents\school\cisc320\turingtrader\turing\turingtraderdll\debug\ubiety.dns.core.dll
c:\users\lfieb\documents\school\cisc320\turingtrader\turing\turingtraderdll\debug\renci.sshnet.dll
c:\users\lfieb\documents\school\cisc320\turingtrader\turing\turingtraderdll\debug\system.buffers.dll
c:\users\lfieb\documents\school\cisc320\turingtrader\turing\turingtraderdll\debug\k4os.compression.lz4.dll
c:\users\lfieb\documents\school\cisc320\turingtrader\turing\turingtraderdll\debug\k4os.hash.xxhash.dll
c:\users\lfieb\documents\school\cisc320\turingtrader\turing\turingtraderdll\debug\system.memory.dll
c:\users\lfieb\documents\school\cisc320\turingtrader\turing\turingtraderdll\debug\system.runtime.compilerservices.unsafe.dll
c:\users\lfieb\documents\school\cisc320\turingtrader\turing\turingtraderdll\debug\mysql.data.xml
c:\users\markl\source\repos\turing\turingtraderdll\debug\appgui.exe
c:\users\markl\source\repos\turing\turingtraderdll\debug\appgui.pdb
c:\users\markl\source\repos\turing\turingtraderdll\gui\debug\appgui.tlog\metagen.write.1.tlog
c:\users\lfieb\documents\school\cisc320\turingtrader\turing\turingtraderdll\gui\debug\gui.vcxproj.generateresource.cache
c:\users\lfieb\documents\school\cisc320\turingtrader\turing\turingtraderdll\gui\debug\gui.vcxprojassemblyreference.cache
c:\users\lfieb\documents\school\cisc320\turingtrader\turing\turingtraderdll\gui\debug\loginpage.obj
c:\users\lfieb\documents\school\cisc320\turingtrader\turing\turingtraderdll\gui\debug\maingui.obj
c:\users\lfieb\documents\school\cisc320\turingtrader\turing\turingtraderdll\gui\debug\profilepage.obj
c:\users\lfieb\documents\school\cisc320\turingtrader\turing\turingtraderdll\gui\debug\gui.companypage.resources
c:\users\lfieb\documents\school\cisc320\turingtrader\turing\turingtraderdll\gui\debug\gui.groupcreationpage.resources
c:\users\lfieb\documents\school\cisc320\turingtrader\turing\turingtraderdll\gui\debug\gui.groupjoinpage.resources
c:\users\lfieb\documents\school\cisc320\turingtrader\turing\turingtraderdll\gui\debug\gui.groupspage.resources
c:\users\lfieb\documents\school\cisc320\turingtrader\turing\turingtraderdll\gui\debug\gui.loginpage.resources
c:\users\lfieb\documents\school\cisc320\turingtrader\turing\turingtraderdll\gui\debug\gui.maingui.resources
c:\users\lfieb\documents\school\cisc320\turingtrader\turing\turingtraderdll\gui\debug\gui.portfoliopage.resources
c:\users\lfieb\documents\school\cisc320\turingtrader\turing\turingtraderdll\gui\debug\gui.profilepage.resources
c:\users\lfieb\documents\school\cisc320\turingtrader\turing\turingtraderdll\gui\debug\gui.testgui.resources
c:\users\lfieb\documents\school\cisc320\turingtrader\turing\turingtraderdll\gui\debug\gui.tradingpage.resources
c:\users\lfieb\documents\school\cisc320\turingtrader\turing\turingtraderdll\debug\appgui.pdb
c:\users\lfieb\documents\school\cisc320\turingtrader\turing\turingtraderdll\debug\appgui.exe
c:\users\lfieb\documents\school\cisc320\turingtrader\turing\turingtraderdll\gui\debug\appgui.tlog\appgui.read.1u.tlog
c:\users\lfieb\documents\school\cisc320\turingtrader\turing\turingtraderdll\gui\debug\appgui.tlog\appgui.write.1u.tlog
c:\users\lfieb\documents\school\cisc320\turingtrader\turing\turingtraderdll\gui\debug\appgui.tlog\cl.command.1.tlog
c:\users\lfieb\documents\school\cisc320\turingtrader\turing\turingtraderdll\gui\debug\appgui.tlog\cl.read.1.tlog
c:\users\lfieb\documents\school\cisc320\turingtrader\turing\turingtraderdll\gui\debug\appgui.tlog\cl.write.1.tlog
c:\users\lfieb\documents\school\cisc320\turingtrader\turing\turingtraderdll\gui\debug\appgui.tlog\copylocal.read.1u.tlog
c:\users\lfieb\documents\school\cisc320\turingtrader\turing\turingtraderdll\gui\debug\appgui.tlog\copylocal.write.1u.tlog
c:\users\lfieb\documents\school\cisc320\turingtrader\turing\turingtraderdll\gui\debug\appgui.tlog\link.command.1.tlog
c:\users\lfieb\documents\school\cisc320\turingtrader\turing\turingtraderdll\gui\debug\appgui.tlog\link.read.1.tlog
c:\users\lfieb\documents\school\cisc320\turingtrader\turing\turingtraderdll\gui\debug\appgui.tlog\link.write.1.tlog
c:\users\lfieb\documents\school\cisc320\turingtrader\turing\turingtraderdll\gui\debug\appgui.tlog\metagen.read.1.tlog
c:\users\lfieb\documents\school\cisc320\turingtrader\turing\turingtraderdll\gui\debug\appgui.tlog\metagen.write.1.tlog
c:\users\lfieb\documents\school\cisc320\turingtrader\turing\turingtraderdll\gui\debug\appgui.tlog\mysql.data.dll.metagen
