  pch.cpp
  Group.cpp
C:\Users\lfieb\Desktop\Turing Trader\Group.h(22,13): warning C4251: 'Group::Name': class 'std::basic_string<char,std::char_traits<char>,std::allocator<char>>' needs to have dll-interface to be used by clients of class 'Group'
C:\Program Files (x86)\Microsoft Visual Studio\2019\Community\VC\Tools\MSVC\14.28.29333\include\xstring(4648): message : see declaration of 'std::basic_string<char,std::char_traits<char>,std::allocator<char>>'
C:\Users\lfieb\Desktop\Turing Trader\Group.h(23,17): warning C4251: 'Group::joinCode': class 'std::basic_string<char,std::char_traits<char>,std::allocator<char>>' needs to have dll-interface to be used by clients of class 'Group'
C:\Program Files (x86)\Microsoft Visual Studio\2019\Community\VC\Tools\MSVC\14.28.29333\include\xstring(4648): message : see declaration of 'std::basic_string<char,std::char_traits<char>,std::allocator<char>>'
C:\Users\lfieb\Desktop\Turing Trader\Group.h(24,29): warning C4251: 'Group::groupMembers': class 'std::vector<std::string,std::allocator<std::string>>' needs to have dll-interface to be used by clients of class 'Group'
C:\Users\lfieb\Desktop\Turing Trader\Group.h(19): message : see declaration of 'std::vector<std::string,std::allocator<std::string>>'
  Portfolio.cpp
C:\Users\lfieb\Desktop\Turing Trader\Portfolio.h(17,28): warning C4251: 'Portfolio::holdings': class 'std::vector<std::string,std::allocator<std::string>>' needs to have dll-interface to be used by clients of class 'Portfolio'
C:\Users\lfieb\Desktop\Turing Trader\Portfolio.h(17): message : see declaration of 'std::vector<std::string,std::allocator<std::string>>'
  Profile.cpp
C:\Users\lfieb\Desktop\Turing Trader\Profile.h(32,17): warning C4251: 'Profile::username': class 'std::basic_string<char,std::char_traits<char>,std::allocator<char>>' needs to have dll-interface to be used by clients of class 'Profile'
C:\Program Files (x86)\Microsoft Visual Studio\2019\Community\VC\Tools\MSVC\14.28.29333\include\xstring(4648): message : see declaration of 'std::basic_string<char,std::char_traits<char>,std::allocator<char>>'
C:\Users\lfieb\Desktop\Turing Trader\Profile.h(33,17): warning C4251: 'Profile::password': class 'std::basic_string<char,std::char_traits<char>,std::allocator<char>>' needs to have dll-interface to be used by clients of class 'Profile'
C:\Program Files (x86)\Microsoft Visual Studio\2019\Community\VC\Tools\MSVC\14.28.29333\include\xstring(4648): message : see declaration of 'std::basic_string<char,std::char_traits<char>,std::allocator<char>>'
C:\Users\lfieb\Desktop\Turing Trader\Profile.h(34,14): warning C4251: 'Profile::email': class 'std::basic_string<char,std::char_traits<char>,std::allocator<char>>' needs to have dll-interface to be used by clients of class 'Profile'
C:\Program Files (x86)\Microsoft Visual Studio\2019\Community\VC\Tools\MSVC\14.28.29333\include\xstring(4648): message : see declaration of 'std::basic_string<char,std::char_traits<char>,std::allocator<char>>'
C:\Users\lfieb\Desktop\Turing Trader\Profile.h(35,20): warning C4251: 'Profile::phoneNumber': class 'std::basic_string<char,std::char_traits<char>,std::allocator<char>>' needs to have dll-interface to be used by clients of class 'Profile'
C:\Program Files (x86)\Microsoft Visual Studio\2019\Community\VC\Tools\MSVC\14.28.29333\include\xstring(4648): message : see declaration of 'std::basic_string<char,std::char_traits<char>,std::allocator<char>>'
  Trading.cpp
C:\Users\lfieb\Desktop\Turing Trader\Trading.h(11,10): fatal error C1083: Cannot open include file: 'Stock.h': No such file or directory
  User.cpp
C:\Users\lfieb\Desktop\Turing Trader\User.h(19,28): warning C4251: 'User::username': class 'std::vector<std::string,std::allocator<std::string>>' needs to have dll-interface to be used by clients of class 'User'
C:\Users\lfieb\Desktop\Turing Trader\User.h(19): message : see declaration of 'std::vector<std::string,std::allocator<std::string>>'
C:\Users\lfieb\Desktop\Turing Trader\User.h(20,28): warning C4251: 'User::password': class 'std::vector<std::string,std::allocator<std::string>>' needs to have dll-interface to be used by clients of class 'User'
C:\Users\lfieb\Desktop\Turing Trader\User.h(19): message : see declaration of 'std::vector<std::string,std::allocator<std::string>>'
C:\Users\lfieb\Desktop\Turing Trader\User.h(21,25): warning C4251: 'User::email': class 'std::vector<std::string,std::allocator<std::string>>' needs to have dll-interface to be used by clients of class 'User'
C:\Users\lfieb\Desktop\Turing Trader\User.h(19): message : see declaration of 'std::vector<std::string,std::allocator<std::string>>'
  dllmain.cpp
  Holding.cpp
C:\Users\lfieb\Documents\School\CISC320\TuringTrader\turing\TuringTraderDLL\TuringTraderDLL\Stock.h(15,22): warning C4251: 'Stock::ticker': class 'std::basic_string<char,std::char_traits<char>,std::allocator<char>>' needs to have dll-interface to be used by clients of class 'Stock'
C:\Program Files (x86)\Microsoft Visual Studio\2019\Community\VC\Tools\MSVC\14.28.29333\include\xstring(4648): message : see declaration of 'std::basic_string<char,std::char_traits<char>,std::allocator<char>>'
C:\Users\lfieb\Documents\School\CISC320\TuringTrader\turing\TuringTraderDLL\TuringTraderDLL\Stock.h(16,20): warning C4251: 'Stock::name': class 'std::basic_string<char,std::char_traits<char>,std::allocator<char>>' needs to have dll-interface to be used by clients of class 'Stock'
C:\Program Files (x86)\Microsoft Visual Studio\2019\Community\VC\Tools\MSVC\14.28.29333\include\xstring(4648): message : see declaration of 'std::basic_string<char,std::char_traits<char>,std::allocator<char>>'
C:\Users\lfieb\Documents\School\CISC320\TuringTrader\turing\TuringTraderDLL\TuringTraderDLL\Stock.h(17,24): warning C4251: 'Stock::exchange': class 'std::basic_string<char,std::char_traits<char>,std::allocator<char>>' needs to have dll-interface to be used by clients of class 'Stock'
C:\Program Files (x86)\Microsoft Visual Studio\2019\Community\VC\Tools\MSVC\14.28.29333\include\xstring(4648): message : see declaration of 'std::basic_string<char,std::char_traits<char>,std::allocator<char>>'
C:\Users\lfieb\Documents\School\CISC320\TuringTrader\turing\TuringTraderDLL\TuringTraderDLL\Stock.h(18,20): warning C4251: 'Stock::logo': class 'std::basic_string<char,std::char_traits<char>,std::allocator<char>>' needs to have dll-interface to be used by clients of class 'Stock'
C:\Program Files (x86)\Microsoft Visual Studio\2019\Community\VC\Tools\MSVC\14.28.29333\include\xstring(4648): message : see declaration of 'std::basic_string<char,std::char_traits<char>,std::allocator<char>>'
C:\Users\lfieb\Documents\School\CISC320\TuringTrader\turing\TuringTraderDLL\TuringTraderDLL\Holding.h(11,16): warning C4251: 'Holding::ticker': class 'std::basic_string<char,std::char_traits<char>,std::allocator<char>>' needs to have dll-interface to be used by clients of class 'Holding'
C:\Program Files (x86)\Microsoft Visual Studio\2019\Community\VC\Tools\MSVC\14.28.29333\include\xstring(4648): message : see declaration of 'std::basic_string<char,std::char_traits<char>,std::allocator<char>>'
  Stock.cpp
C:\Users\lfieb\Documents\School\CISC320\TuringTrader\turing\TuringTraderDLL\TuringTraderDLL\Stock.h(15,22): warning C4251: 'Stock::ticker': class 'std::basic_string<char,std::char_traits<char>,std::allocator<char>>' needs to have dll-interface to be used by clients of class 'Stock'
C:\Program Files (x86)\Microsoft Visual Studio\2019\Community\VC\Tools\MSVC\14.28.29333\include\xstring(4648): message : see declaration of 'std::basic_string<char,std::char_traits<char>,std::allocator<char>>'
C:\Users\lfieb\Documents\School\CISC320\TuringTrader\turing\TuringTraderDLL\TuringTraderDLL\Stock.h(16,20): warning C4251: 'Stock::name': class 'std::basic_string<char,std::char_traits<char>,std::allocator<char>>' needs to have dll-interface to be used by clients of class 'Stock'
C:\Program Files (x86)\Microsoft Visual Studio\2019\Community\VC\Tools\MSVC\14.28.29333\include\xstring(4648): message : see declaration of 'std::basic_string<char,std::char_traits<char>,std::allocator<char>>'
C:\Users\lfieb\Documents\School\CISC320\TuringTrader\turing\TuringTraderDLL\TuringTraderDLL\Stock.h(17,24): warning C4251: 'Stock::exchange': class 'std::basic_string<char,std::char_traits<char>,std::allocator<char>>' needs to have dll-interface to be used by clients of class 'Stock'
C:\Program Files (x86)\Microsoft Visual Studio\2019\Community\VC\Tools\MSVC\14.28.29333\include\xstring(4648): message : see declaration of 'std::basic_string<char,std::char_traits<char>,std::allocator<char>>'
C:\Users\lfieb\Documents\School\CISC320\TuringTrader\turing\TuringTraderDLL\TuringTraderDLL\Stock.h(18,20): warning C4251: 'Stock::logo': class 'std::basic_string<char,std::char_traits<char>,std::allocator<char>>' needs to have dll-interface to be used by clients of class 'Stock'
C:\Program Files (x86)\Microsoft Visual Studio\2019\Community\VC\Tools\MSVC\14.28.29333\include\xstring(4648): message : see declaration of 'std::basic_string<char,std::char_traits<char>,std::allocator<char>>'
  Generating Code...
C:\Users\lfieb\Desktop\Turing Trader\User.cpp(14): error C4716: 'User::getUsername': must return a value
C:\Users\lfieb\Desktop\Turing Trader\User.cpp(18): error C4716: 'User::getUserEmail': must return a value
C:\Users\lfieb\Desktop\Turing Trader\User.cpp(10): error C4716: 'User::getUserID': must return a value
C:\Users\lfieb\Desktop\Turing Trader\Portfolio.cpp(14): error C4716: 'Portfolio::sellShares': must return a value
C:\Users\lfieb\Desktop\Turing Trader\Portfolio.cpp(26): error C4716: 'Portfolio::getBuyingPower': must return a value
C:\Users\lfieb\Desktop\Turing Trader\Portfolio.cpp(30): error C4716: 'Portfolio::getStocks': must return a value
C:\Users\lfieb\Desktop\Turing Trader\Portfolio.cpp(10): error C4716: 'Portfolio::buyShares': must return a value
C:\Users\lfieb\Desktop\Turing Trader\Portfolio.cpp(22): error C4716: 'Portfolio::getPL': must return a value
C:\Users\lfieb\Desktop\Turing Trader\Portfolio.cpp(18): error C4716: 'Portfolio::getValue': must return a value
