c:\users\markl\source\repos\turing\turingtraderdll\turingtraderdll\debug\vc142.pdb
c:\users\markl\source\repos\turing\turingtraderdll\turingtraderdll\debug\vc142.idb
c:\users\markl\source\repos\turing\turingtraderdll\turingtraderdll\debug\stock.obj
c:\users\markl\source\repos\turing\turingtraderdll\turingtraderdll\debug\holding.obj
c:\users\markl\source\repos\turing\turingtraderdll\turingtraderdll\debug\dllmain.obj
c:\users\markl\source\repos\turing\turingtraderdll\turingtraderdll\debug\profile.obj
c:\users\markl\source\repos\turing\turingtraderdll\turingtraderdll\debug\group.obj
c:\users\markl\source\repos\turing\turingtraderdll\turingtraderdll\debug\portfolio.obj
c:\users\markl\source\repos\turing\turingtraderdll\turingtraderdll\debug\trading.obj
c:\users\markl\source\repos\turing\turingtraderdll\turingtraderdll\debug\turingtraderdll.pch
c:\users\markl\source\repos\turing\turingtraderdll\turingtraderdll\debug\pch.obj
c:\users\markl\source\repos\turing\turingtraderdll\turingtraderdll\debug\user.obj
c:\users\lfieb\documents\school\cisc320\turingtrader\turing\turingtraderdll\turingtraderdll\debug\turingtraderdll.pch
c:\users\lfieb\documents\school\cisc320\turingtrader\turing\turingtraderdll\turingtraderdll\debug\vc142.pdb
c:\users\lfieb\documents\school\cisc320\turingtrader\turing\turingtraderdll\turingtraderdll\debug\vc142.idb
c:\users\lfieb\documents\school\cisc320\turingtrader\turing\turingtraderdll\turingtraderdll\debug\pch.obj
c:\users\lfieb\documents\school\cisc320\turingtrader\turing\turingtraderdll\turingtraderdll\debug\holding.obj
c:\users\lfieb\documents\school\cisc320\turingtrader\turing\turingtraderdll\turingtraderdll\debug\dllmain.obj
c:\users\lfieb\documents\school\cisc320\turingtrader\turing\turingtraderdll\turingtraderdll\debug\user.obj
c:\users\lfieb\documents\school\cisc320\turingtrader\turing\turingtraderdll\turingtraderdll\debug\trading.obj
c:\users\lfieb\documents\school\cisc320\turingtrader\turing\turingtraderdll\turingtraderdll\debug\profile.obj
c:\users\lfieb\documents\school\cisc320\turingtrader\turing\turingtraderdll\turingtraderdll\debug\portfolio.obj
c:\users\lfieb\documents\school\cisc320\turingtrader\turing\turingtraderdll\turingtraderdll\debug\group.obj
c:\users\markl\source\repos\turing\turingtraderdll\debug\turingtraderdll.ilk
c:\users\markl\source\repos\turing\turingtraderdll\debug\turingtraderdll.dll
c:\users\markl\source\repos\turing\turingtraderdll\debug\turingtraderdll.pdb
c:\users\markl\source\repos\turing\turingtraderdll\debug\turingtraderdll.lib
c:\users\markl\source\repos\turing\turingtraderdll\debug\turingtraderdll.exp
c:\users\markl\source\repos\turing\turingtraderdll\turingtraderdll\debug\vcpkg.applocal.log
c:\users\markl\source\repos\turing\turingtraderdll\debug\libcurl-d.dll
c:\users\markl\source\repos\turing\turingtraderdll\debug\zlibd1.dll
c:\users\lfieb\documents\school\cisc320\turingtrader\turing\turingtraderdll\debug\turingtraderdll.pdb
c:\users\lfieb\documents\school\cisc320\turingtrader\turing\turingtraderdll\debug\turingtraderdll.dll
c:\users\lfieb\documents\school\cisc320\turingtrader\turing\turingtraderdll\debug\turingtraderdll.ilk
c:\users\lfieb\documents\school\cisc320\turingtrader\turing\turingtraderdll\turingtraderdll\debug\turingtraderdll.tlog\cl.command.1.tlog
c:\users\lfieb\documents\school\cisc320\turingtrader\turing\turingtraderdll\turingtraderdll\debug\turingtraderdll.tlog\cl.read.1.tlog
c:\users\lfieb\documents\school\cisc320\turingtrader\turing\turingtraderdll\turingtraderdll\debug\turingtraderdll.tlog\cl.write.1.tlog
c:\users\lfieb\documents\school\cisc320\turingtrader\turing\turingtraderdll\turingtraderdll\debug\turingtraderdll.tlog\link.51188.delete.1.tlog
c:\users\lfieb\documents\school\cisc320\turingtrader\turing\turingtraderdll\turingtraderdll\debug\turingtraderdll.tlog\link.82044.delete.1.tlog
c:\users\lfieb\documents\school\cisc320\turingtrader\turing\turingtraderdll\turingtraderdll\debug\turingtraderdll.tlog\link.command.1.tlog
c:\users\lfieb\documents\school\cisc320\turingtrader\turing\turingtraderdll\turingtraderdll\debug\turingtraderdll.tlog\link.delete.1.tlog
c:\users\lfieb\documents\school\cisc320\turingtrader\turing\turingtraderdll\turingtraderdll\debug\turingtraderdll.tlog\link.read.1.tlog
c:\users\lfieb\documents\school\cisc320\turingtrader\turing\turingtraderdll\turingtraderdll\debug\turingtraderdll.tlog\link.write.1.tlog
c:\users\lfieb\documents\school\cisc320\turingtrader\turing\turingtraderdll\turingtraderdll\debug\turingtraderdll.tlog\turingtraderdll.write.1u.tlog
